<?xml version="1.0" encoding="UTF-8"?>
<testsuite xmlns:xsi="http://www.w3.org/2001/XMLSchema-instance" xsi:noNamespaceSchemaLocation="https://maven.apache.org/surefire/maven-surefire-plugin/xsd/surefire-test-report.xsd" name="com.demo.MyHelloSpringBoot2ApplicationTests" time="8.348" tests="1" errors="0" skipped="0" failures="0">
  <properties>
    <property name="sun.desktop" value="windows"/>
    <property name="awt.toolkit" value="sun.awt.windows.WToolkit"/>
    <property name="file.encoding.pkg" value="sun.io"/>
    <property name="java.specification.version" value="1.8"/>
    <property name="sun.cpu.isalist" value="amd64"/>
    <property name="sun.jnu.encoding" value="Cp1252"/>
    <property name="java.class.path" value="C:\Users\iet01\eclipse-workspace\JAVA II\MyHelloSpringBoot2\target\test-classes;C:\Users\iet01\eclipse-workspace\JAVA II\MyHelloSpringBoot2\target\classes;C:\Users\iet01\.m2\repository\org\springframework\boot\spring-boot-starter-web\2.7.14-SNAPSHOT\spring-boot-starter-web-2.7.14-SNAPSHOT.jar;C:\Users\iet01\.m2\repository\org\springframework\boot\spring-boot-starter\2.7.14-SNAPSHOT\spring-boot-starter-2.7.14-SNAPSHOT.jar;C:\Users\iet01\.m2\repository\org\springframework\boot\spring-boot\2.7.14-SNAPSHOT\spring-boot-2.7.14-SNAPSHOT.jar;C:\Users\iet01\.m2\repository\org\springframework\boot\spring-boot-autoconfigure\2.7.14-SNAPSHOT\spring-boot-autoconfigure-2.7.14-SNAPSHOT.jar;C:\Users\iet01\.m2\repository\org\springframework\boot\spring-boot-starter-logging\2.7.14-SNAPSHOT\spring-boot-starter-logging-2.7.14-SNAPSHOT.jar;C:\Users\iet01\.m2\repository\ch\qos\logback\logback-classic\1.2.12\logback-classic-1.2.12.jar;C:\Users\iet01\.m2\repository\ch\qos\logback\logback-core\1.2.12\logback-core-1.2.12.jar;C:\Users\iet01\.m2\repository\org\apache\logging\log4j\log4j-to-slf4j\2.17.2\log4j-to-slf4j-2.17.2.jar;C:\Users\iet01\.m2\repository\org\apache\logging\log4j\log4j-api\2.17.2\log4j-api-2.17.2.jar;C:\Users\iet01\.m2\repository\org\slf4j\jul-to-slf4j\1.7.36\jul-to-slf4j-1.7.36.jar;C:\Users\iet01\.m2\repository\jakarta\annotation\jakarta.annotation-api\1.3.5\jakarta.annotation-api-1.3.5.jar;C:\Users\iet01\.m2\repository\org\yaml\snakeyaml\1.30\snakeyaml-1.30.jar;C:\Users\iet01\.m2\repository\org\springframework\boot\spring-boot-starter-json\2.7.14-SNAPSHOT\spring-boot-starter-json-2.7.14-SNAPSHOT.jar;C:\Users\iet01\.m2\repository\com\fasterxml\jackson\core\jackson-databind\2.13.5\jackson-databind-2.13.5.jar;C:\Users\iet01\.m2\repository\com\fasterxml\jackson\core\jackson-annotations\2.13.5\jackson-annotations-2.13.5.jar;C:\Users\iet01\.m2\repository\com\fasterxml\jackson\core\jackson-core\2.13.5\jackson-core-2.13.5.jar;C:\Users\iet01\.m2\repository\com\fasterxml\jackson\datatype\jackson-datatype-jdk8\2.13.5\jackson-datatype-jdk8-2.13.5.jar;C:\Users\iet01\.m2\repository\com\fasterxml\jackson\datatype\jackson-datatype-jsr310\2.13.5\jackson-datatype-jsr310-2.13.5.jar;C:\Users\iet01\.m2\repository\com\fasterxml\jackson\module\jackson-module-parameter-names\2.13.5\jackson-module-parameter-names-2.13.5.jar;C:\Users\iet01\.m2\repository\org\springframework\boot\spring-boot-starter-tomcat\2.7.14-SNAPSHOT\spring-boot-starter-tomcat-2.7.14-SNAPSHOT.jar;C:\Users\iet01\.m2\repository\org\apache\tomcat\embed\tomcat-embed-websocket\9.0.76\tomcat-embed-websocket-9.0.76.jar;C:\Users\iet01\.m2\repository\org\springframework\spring-web\5.3.29-SNAPSHOT\spring-web-5.3.29-SNAPSHOT.jar;C:\Users\iet01\.m2\repository\org\springframework\spring-beans\5.3.29-SNAPSHOT\spring-beans-5.3.29-SNAPSHOT.jar;C:\Users\iet01\.m2\repository\org\springframework\spring-webmvc\5.3.29-SNAPSHOT\spring-webmvc-5.3.29-SNAPSHOT.jar;C:\Users\iet01\.m2\repository\org\springframework\spring-aop\5.3.29-SNAPSHOT\spring-aop-5.3.29-SNAPSHOT.jar;C:\Users\iet01\.m2\repository\org\springframework\spring-context\5.3.29-SNAPSHOT\spring-context-5.3.29-SNAPSHOT.jar;C:\Users\iet01\.m2\repository\org\springframework\spring-expression\5.3.29-SNAPSHOT\spring-expression-5.3.29-SNAPSHOT.jar;C:\Users\iet01\.m2\repository\org\springframework\boot\spring-boot-starter-test\2.7.14-SNAPSHOT\spring-boot-starter-test-2.7.14-SNAPSHOT.jar;C:\Users\iet01\.m2\repository\org\springframework\boot\spring-boot-test\2.7.14-SNAPSHOT\spring-boot-test-2.7.14-SNAPSHOT.jar;C:\Users\iet01\.m2\repository\org\springframework\boot\spring-boot-test-autoconfigure\2.7.14-SNAPSHOT\spring-boot-test-autoconfigure-2.7.14-SNAPSHOT.jar;C:\Users\iet01\.m2\repository\com\jayway\jsonpath\json-path\2.7.0\json-path-2.7.0.jar;C:\Users\iet01\.m2\repository\net\minidev\json-smart\2.4.11\json-smart-2.4.11.jar;C:\Users\iet01\.m2\repository\net\minidev\accessors-smart\2.4.11\accessors-smart-2.4.11.jar;C:\Users\iet01\.m2\repository\org\ow2\asm\asm\9.3\asm-9.3.jar;C:\Users\iet01\.m2\repository\org\slf4j\slf4j-api\1.7.36\slf4j-api-1.7.36.jar;C:\Users\iet01\.m2\repository\jakarta\xml\bind\jakarta.xml.bind-api\2.3.3\jakarta.xml.bind-api-2.3.3.jar;C:\Users\iet01\.m2\repository\jakarta\activation\jakarta.activation-api\1.2.2\jakarta.activation-api-1.2.2.jar;C:\Users\iet01\.m2\repository\org\assertj\assertj-core\3.22.0\assertj-core-3.22.0.jar;C:\Users\iet01\.m2\repository\org\hamcrest\hamcrest\2.2\hamcrest-2.2.jar;C:\Users\iet01\.m2\repository\org\junit\jupiter\junit-jupiter\5.8.2\junit-jupiter-5.8.2.jar;C:\Users\iet01\.m2\repository\org\junit\jupiter\junit-jupiter-api\5.8.2\junit-jupiter-api-5.8.2.jar;C:\Users\iet01\.m2\repository\org\opentest4j\opentest4j\1.2.0\opentest4j-1.2.0.jar;C:\Users\iet01\.m2\repository\org\junit\platform\junit-platform-commons\1.8.2\junit-platform-commons-1.8.2.jar;C:\Users\iet01\.m2\repository\org\apiguardian\apiguardian-api\1.1.2\apiguardian-api-1.1.2.jar;C:\Users\iet01\.m2\repository\org\junit\jupiter\junit-jupiter-params\5.8.2\junit-jupiter-params-5.8.2.jar;C:\Users\iet01\.m2\repository\org\junit\jupiter\junit-jupiter-engine\5.8.2\junit-jupiter-engine-5.8.2.jar;C:\Users\iet01\.m2\repository\org\junit\platform\junit-platform-engine\1.8.2\junit-platform-engine-1.8.2.jar;C:\Users\iet01\.m2\repository\org\mockito\mockito-core\4.5.1\mockito-core-4.5.1.jar;C:\Users\iet01\.m2\repository\net\bytebuddy\byte-buddy\1.12.23\byte-buddy-1.12.23.jar;C:\Users\iet01\.m2\repository\net\bytebuddy\byte-buddy-agent\1.12.23\byte-buddy-agent-1.12.23.jar;C:\Users\iet01\.m2\repository\org\objenesis\objenesis\3.2\objenesis-3.2.jar;C:\Users\iet01\.m2\repository\org\mockito\mockito-junit-jupiter\4.5.1\mockito-junit-jupiter-4.5.1.jar;C:\Users\iet01\.m2\repository\org\skyscreamer\jsonassert\1.5.1\jsonassert-1.5.1.jar;C:\Users\iet01\.m2\repository\com\vaadin\external\google\android-json\0.0.20131108.vaadin1\android-json-0.0.20131108.vaadin1.jar;C:\Users\iet01\.m2\repository\org\springframework\spring-core\5.3.29-SNAPSHOT\spring-core-5.3.29-SNAPSHOT.jar;C:\Users\iet01\.m2\repository\org\springframework\spring-jcl\5.3.29-SNAPSHOT\spring-jcl-5.3.29-SNAPSHOT.jar;C:\Users\iet01\.m2\repository\org\springframework\spring-test\5.3.29-SNAPSHOT\spring-test-5.3.29-SNAPSHOT.jar;C:\Users\iet01\.m2\repository\org\xmlunit\xmlunit-core\2.9.1\xmlunit-core-2.9.1.jar;C:\Users\iet01\.m2\repository\org\apache\tomcat\embed\tomcat-embed-jasper\9.0.76\tomcat-embed-jasper-9.0.76.jar;C:\Users\iet01\.m2\repository\org\apache\tomcat\embed\tomcat-embed-core\9.0.76\tomcat-embed-core-9.0.76.jar;C:\Users\iet01\.m2\repository\org\apache\tomcat\tomcat-annotations-api\9.0.76\tomcat-annotations-api-9.0.76.jar;C:\Users\iet01\.m2\repository\org\apache\tomcat\embed\tomcat-embed-el\9.0.76\tomcat-embed-el-9.0.76.jar;C:\Users\iet01\.m2\repository\org\eclipse\jdt\ecj\3.26.0\ecj-3.26.0.jar;"/>
    <property name="java.vm.vendor" value="Oracle Corporation"/>
    <property name="sun.arch.data.model" value="64"/>
    <property name="user.variant" value=""/>
    <property name="java.vendor.url" value="http://java.oracle.com/"/>
    <property name="user.timezone" value="Asia/Calcutta"/>
    <property name="java.vm.specification.version" value="1.8"/>
    <property name="os.name" value="Windows 10"/>
    <property name="user.country" value="IN"/>
    <property name="sun.java.launcher" value="SUN_STANDARD"/>
    <property name="sun.boot.library.path" value="C:\Program Files\Java\jdk1.8.0_311\jre\bin"/>
    <property name="sun.java.command" value="C:\Users\iet01\AppData\Local\Temp\surefire8984804758729875446\surefirebooter2580450139796994896.jar C:\Users\iet01\AppData\Local\Temp\surefire8984804758729875446 2023-07-06T12-22-52_782-jvmRun1 surefire568810178547048059tmp surefire_05538377007722694590tmp"/>
    <property name="surefire.test.class.path" value="C:\Users\iet01\eclipse-workspace\JAVA II\MyHelloSpringBoot2\target\test-classes;C:\Users\iet01\eclipse-workspace\JAVA II\MyHelloSpringBoot2\target\classes;C:\Users\iet01\.m2\repository\org\springframework\boot\spring-boot-starter-web\2.7.14-SNAPSHOT\spring-boot-starter-web-2.7.14-SNAPSHOT.jar;C:\Users\iet01\.m2\repository\org\springframework\boot\spring-boot-starter\2.7.14-SNAPSHOT\spring-boot-starter-2.7.14-SNAPSHOT.jar;C:\Users\iet01\.m2\repository\org\springframework\boot\spring-boot\2.7.14-SNAPSHOT\spring-boot-2.7.14-SNAPSHOT.jar;C:\Users\iet01\.m2\repository\org\springframework\boot\spring-boot-autoconfigure\2.7.14-SNAPSHOT\spring-boot-autoconfigure-2.7.14-SNAPSHOT.jar;C:\Users\iet01\.m2\repository\org\springframework\boot\spring-boot-starter-logging\2.7.14-SNAPSHOT\spring-boot-starter-logging-2.7.14-SNAPSHOT.jar;C:\Users\iet01\.m2\repository\ch\qos\logback\logback-classic\1.2.12\logback-classic-1.2.12.jar;C:\Users\iet01\.m2\repository\ch\qos\logback\logback-core\1.2.12\logback-core-1.2.12.jar;C:\Users\iet01\.m2\repository\org\apache\logging\log4j\log4j-to-slf4j\2.17.2\log4j-to-slf4j-2.17.2.jar;C:\Users\iet01\.m2\repository\org\apache\logging\log4j\log4j-api\2.17.2\log4j-api-2.17.2.jar;C:\Users\iet01\.m2\repository\org\slf4j\jul-to-slf4j\1.7.36\jul-to-slf4j-1.7.36.jar;C:\Users\iet01\.m2\repository\jakarta\annotation\jakarta.annotation-api\1.3.5\jakarta.annotation-api-1.3.5.jar;C:\Users\iet01\.m2\repository\org\yaml\snakeyaml\1.30\snakeyaml-1.30.jar;C:\Users\iet01\.m2\repository\org\springframework\boot\spring-boot-starter-json\2.7.14-SNAPSHOT\spring-boot-starter-json-2.7.14-SNAPSHOT.jar;C:\Users\iet01\.m2\repository\com\fasterxml\jackson\core\jackson-databind\2.13.5\jackson-databind-2.13.5.jar;C:\Users\iet01\.m2\repository\com\fasterxml\jackson\core\jackson-annotations\2.13.5\jackson-annotations-2.13.5.jar;C:\Users\iet01\.m2\repository\com\fasterxml\jackson\core\jackson-core\2.13.5\jackson-core-2.13.5.jar;C:\Users\iet01\.m2\repository\com\fasterxml\jackson\datatype\jackson-datatype-jdk8\2.13.5\jackson-datatype-jdk8-2.13.5.jar;C:\Users\iet01\.m2\repository\com\fasterxml\jackson\datatype\jackson-datatype-jsr310\2.13.5\jackson-datatype-jsr310-2.13.5.jar;C:\Users\iet01\.m2\repository\com\fasterxml\jackson\module\jackson-module-parameter-names\2.13.5\jackson-module-parameter-names-2.13.5.jar;C:\Users\iet01\.m2\repository\org\springframework\boot\spring-boot-starter-tomcat\2.7.14-SNAPSHOT\spring-boot-starter-tomcat-2.7.14-SNAPSHOT.jar;C:\Users\iet01\.m2\repository\org\apache\tomcat\embed\tomcat-embed-websocket\9.0.76\tomcat-embed-websocket-9.0.76.jar;C:\Users\iet01\.m2\repository\org\springframework\spring-web\5.3.29-SNAPSHOT\spring-web-5.3.29-SNAPSHOT.jar;C:\Users\iet01\.m2\repository\org\springframework\spring-beans\5.3.29-SNAPSHOT\spring-beans-5.3.29-SNAPSHOT.jar;C:\Users\iet01\.m2\repository\org\springframework\spring-webmvc\5.3.29-SNAPSHOT\spring-webmvc-5.3.29-SNAPSHOT.jar;C:\Users\iet01\.m2\repository\org\springframework\spring-aop\5.3.29-SNAPSHOT\spring-aop-5.3.29-SNAPSHOT.jar;C:\Users\iet01\.m2\repository\org\springframework\spring-context\5.3.29-SNAPSHOT\spring-context-5.3.29-SNAPSHOT.jar;C:\Users\iet01\.m2\repository\org\springframework\spring-expression\5.3.29-SNAPSHOT\spring-expression-5.3.29-SNAPSHOT.jar;C:\Users\iet01\.m2\repository\org\springframework\boot\spring-boot-starter-test\2.7.14-SNAPSHOT\spring-boot-starter-test-2.7.14-SNAPSHOT.jar;C:\Users\iet01\.m2\repository\org\springframework\boot\spring-boot-test\2.7.14-SNAPSHOT\spring-boot-test-2.7.14-SNAPSHOT.jar;C:\Users\iet01\.m2\repository\org\springframework\boot\spring-boot-test-autoconfigure\2.7.14-SNAPSHOT\spring-boot-test-autoconfigure-2.7.14-SNAPSHOT.jar;C:\Users\iet01\.m2\repository\com\jayway\jsonpath\json-path\2.7.0\json-path-2.7.0.jar;C:\Users\iet01\.m2\repository\net\minidev\json-smart\2.4.11\json-smart-2.4.11.jar;C:\Users\iet01\.m2\repository\net\minidev\accessors-smart\2.4.11\accessors-smart-2.4.11.jar;C:\Users\iet01\.m2\repository\org\ow2\asm\asm\9.3\asm-9.3.jar;C:\Users\iet01\.m2\repository\org\slf4j\slf4j-api\1.7.36\slf4j-api-1.7.36.jar;C:\Users\iet01\.m2\repository\jakarta\xml\bind\jakarta.xml.bind-api\2.3.3\jakarta.xml.bind-api-2.3.3.jar;C:\Users\iet01\.m2\repository\jakarta\activation\jakarta.activation-api\1.2.2\jakarta.activation-api-1.2.2.jar;C:\Users\iet01\.m2\repository\org\assertj\assertj-core\3.22.0\assertj-core-3.22.0.jar;C:\Users\iet01\.m2\repository\org\hamcrest\hamcrest\2.2\hamcrest-2.2.jar;C:\Users\iet01\.m2\repository\org\junit\jupiter\junit-jupiter\5.8.2\junit-jupiter-5.8.2.jar;C:\Users\iet01\.m2\repository\org\junit\jupiter\junit-jupiter-api\5.8.2\junit-jupiter-api-5.8.2.jar;C:\Users\iet01\.m2\repository\org\opentest4j\opentest4j\1.2.0\opentest4j-1.2.0.jar;C:\Users\iet01\.m2\repository\org\junit\platform\junit-platform-commons\1.8.2\junit-platform-commons-1.8.2.jar;C:\Users\iet01\.m2\repository\org\apiguardian\apiguardian-api\1.1.2\apiguardian-api-1.1.2.jar;C:\Users\iet01\.m2\repository\org\junit\jupiter\junit-jupiter-params\5.8.2\junit-jupiter-params-5.8.2.jar;C:\Users\iet01\.m2\repository\org\junit\jupiter\junit-jupiter-engine\5.8.2\junit-jupiter-engine-5.8.2.jar;C:\Users\iet01\.m2\repository\org\junit\platform\junit-platform-engine\1.8.2\junit-platform-engine-1.8.2.jar;C:\Users\iet01\.m2\repository\org\mockito\mockito-core\4.5.1\mockito-core-4.5.1.jar;C:\Users\iet01\.m2\repository\net\bytebuddy\byte-buddy\1.12.23\byte-buddy-1.12.23.jar;C:\Users\iet01\.m2\repository\net\bytebuddy\byte-buddy-agent\1.12.23\byte-buddy-agent-1.12.23.jar;C:\Users\iet01\.m2\repository\org\objenesis\objenesis\3.2\objenesis-3.2.jar;C:\Users\iet01\.m2\repository\org\mockito\mockito-junit-jupiter\4.5.1\mockito-junit-jupiter-4.5.1.jar;C:\Users\iet01\.m2\repository\org\skyscreamer\jsonassert\1.5.1\jsonassert-1.5.1.jar;C:\Users\iet01\.m2\repository\com\vaadin\external\google\android-json\0.0.20131108.vaadin1\android-json-0.0.20131108.vaadin1.jar;C:\Users\iet01\.m2\repository\org\springframework\spring-core\5.3.29-SNAPSHOT\spring-core-5.3.29-SNAPSHOT.jar;C:\Users\iet01\.m2\repository\org\springframework\spring-jcl\5.3.29-SNAPSHOT\spring-jcl-5.3.29-SNAPSHOT.jar;C:\Users\iet01\.m2\repository\org\springframework\spring-test\5.3.29-SNAPSHOT\spring-test-5.3.29-SNAPSHOT.jar;C:\Users\iet01\.m2\repository\org\xmlunit\xmlunit-core\2.9.1\xmlunit-core-2.9.1.jar;C:\Users\iet01\.m2\repository\org\apache\tomcat\embed\tomcat-embed-jasper\9.0.76\tomcat-embed-jasper-9.0.76.jar;C:\Users\iet01\.m2\repository\org\apache\tomcat\embed\tomcat-embed-core\9.0.76\tomcat-embed-core-9.0.76.jar;C:\Users\iet01\.m2\repository\org\apache\tomcat\tomcat-annotations-api\9.0.76\tomcat-annotations-api-9.0.76.jar;C:\Users\iet01\.m2\repository\org\apache\tomcat\embed\tomcat-embed-el\9.0.76\tomcat-embed-el-9.0.76.jar;C:\Users\iet01\.m2\repository\org\eclipse\jdt\ecj\3.26.0\ecj-3.26.0.jar;"/>
    <property name="sun.cpu.endian" value="little"/>
    <property name="user.home" value="C:\Users\iet01"/>
    <property name="user.language" value="en"/>
    <property name="java.specification.vendor" value="Oracle Corporation"/>
    <property name="java.home" value="C:\Program Files\Java\jdk1.8.0_311\jre"/>
    <property name="basedir" value="C:\Users\iet01\eclipse-workspace\JAVA II\MyHelloSpringBoot2"/>
    <property name="style.color" value="always"/>
    <property name="file.separator" value="\"/>
    <property name="line.separator" value="&#10;"/>
    <property name="java.vm.specification.vendor" value="Oracle Corporation"/>
    <property name="java.specification.name" value="Java Platform API Specification"/>
    <property name="java.awt.graphicsenv" value="sun.awt.Win32GraphicsEnvironment"/>
    <property name="surefire.real.class.path" value="C:\Users\iet01\AppData\Local\Temp\surefire8984804758729875446\surefirebooter2580450139796994896.jar"/>
    <property name="sun.boot.class.path" value="C:\Program Files\Java\jdk1.8.0_311\jre\lib\resources.jar;C:\Program Files\Java\jdk1.8.0_311\jre\lib\rt.jar;C:\Program Files\Java\jdk1.8.0_311\jre\lib\sunrsasign.jar;C:\Program Files\Java\jdk1.8.0_311\jre\lib\jsse.jar;C:\Program Files\Java\jdk1.8.0_311\jre\lib\jce.jar;C:\Program Files\Java\jdk1.8.0_311\jre\lib\charsets.jar;C:\Program Files\Java\jdk1.8.0_311\jre\lib\jfr.jar;C:\Program Files\Java\jdk1.8.0_311\jre\classes"/>
    <property name="user.script" value=""/>
    <property name="sun.management.compiler" value="HotSpot 64-Bit Tiered Compilers"/>
    <property name="java.runtime.version" value="1.8.0_311-b11"/>
    <property name="user.name" value="iet01"/>
    <property name="path.separator" value=";"/>
    <property name="os.version" value="10.0"/>
    <property name="java.endorsed.dirs" value="C:\Program Files\Java\jdk1.8.0_311\jre\lib\endorsed"/>
    <property name="java.runtime.name" value="Java(TM) SE Runtime Environment"/>
    <property name="file.encoding" value="Cp1252"/>
    <property name="java.vm.name" value="Java HotSpot(TM) 64-Bit Server VM"/>
    <property name="localRepository" value="C:\Users\iet01\.m2\repository"/>
    <property name="java.vendor.url.bug" value="http://bugreport.sun.com/bugreport/"/>
    <property name="java.io.tmpdir" value="C:\Users\iet01\AppData\Local\Temp\"/>
    <property name="java.version" value="1.8.0_311"/>
    <property name="user.dir" value="C:\Users\iet01\eclipse-workspace\JAVA II\MyHelloSpringBoot2"/>
    <property name="os.arch" value="amd64"/>
    <property name="java.vm.specification.name" value="Java Virtual Machine Specification"/>
    <property name="java.awt.printerjob" value="sun.awt.windows.WPrinterJob"/>
    <property name="sun.os.patch.level" value=""/>
    <property name="java.library.path" value="C:\Program Files\Java\jdk1.8.0_311\jre\bin;C:\WINDOWS\Sun\Java\bin;C:\WINDOWS\system32;C:\WINDOWS;C:/eclipse//plugins/org.eclipse.justj.openjdk.hotspot.jre.full.win32.x86_64_17.0.6.v20230204-1729/jre/bin/server;C:/eclipse//plugins/org.eclipse.justj.openjdk.hotspot.jre.full.win32.x86_64_17.0.6.v20230204-1729/jre/bin;C:\Program Files (x86)\Common Files\Oracle\Java\javapath;C:\WINDOWS\system32;C:\WINDOWS;C:\WINDOWS\System32\Wbem;C:\WINDOWS\System32\WindowsPowerShell\v1.0\;C:\WINDOWS\System32\OpenSSH\;C:\Program Files\Java\jdk1.8.0_311\bin;C:\Program Files\Java\jre1.8.0_311\bin;C:\Program Files\MySQL\MySQL Workbench 8.0 CE;C:\Program Files\MongoDB\Server\6.0\bin;C:\Program Files\Microsoft VS Code\bin;C:\Program Files\nodejs\;C:\Program Files\PuTTY\;C:\Program Files\Java\jdk1.8.0_311\bin;C:\Users\iet01\AppData\Local\Microsoft\WindowsApps;C:\Users\iet01\AppData\Roaming\npm;C:\Users\iet01\AppData\Local\Programs\Git\cmd;C:\eclipse;;."/>
    <property name="java.vm.info" value="mixed mode"/>
    <property name="java.vendor" value="Oracle Corporation"/>
    <property name="java.vm.version" value="25.311-b11"/>
    <property name="java.ext.dirs" value="C:\Program Files\Java\jdk1.8.0_311\jre\lib\ext;C:\WINDOWS\Sun\Java\lib\ext"/>
    <property name="sun.io.unicode.encoding" value="UnicodeLittle"/>
    <property name="java.class.version" value="52.0"/>
  </properties>
  <testcase name="contextLoads" classname="com.demo.MyHelloSpringBoot2ApplicationTests" time="0.793"/>
</testsuite>